<?xml version="1.0" encoding="UTF-8"?>
<!-- Generated by org.testng.reporters.JUnitReportReporter -->
<testsuite skipped="0" hostname="BDC6-DX-6BTDNK2" name="PageObjModel.withpg_testscript" tests="1" failures="0" timestamp="03 Jun 2019 07:11:34 GMT" time="10.302" errors="0">
  <testcase name="f" time="10.302" classname="PageObjModel.withpg_testscript"/>
</testsuite> <!-- PageObjModel.withpg_testscript -->
